[debug] [2019-08-11T02:25:39.512Z] ----------------------------------------------------------------------
[debug] [2019-08-11T02:25:39.517Z] Command:       C:\Program Files\nodejs\node.exe C:\Users\ndang\AppData\Roaming\npm\node_modules\firebase-tools\lib\bin\firebase.js init
[debug] [2019-08-11T02:25:39.517Z] CLI Version:   7.2.2
[debug] [2019-08-11T02:25:39.518Z] Platform:      win32
[debug] [2019-08-11T02:25:39.518Z] Node Version:  v10.16.0
[debug] [2019-08-11T02:25:39.519Z] Time:          Sun Aug 11 2019 09:25:39 GMT+0700 (Indochina Time)
[debug] [2019-08-11T02:25:39.519Z] ----------------------------------------------------------------------
[debug] 
[debug] [2019-08-11T02:25:39.557Z] > command requires scopes: ["email","openid","https://www.googleapis.com/auth/cloudplatformprojects.readonly","https://www.googleapis.com/auth/firebase","https://www.googleapis.com/auth/cloud-platform"]
[debug] [2019-08-11T02:25:39.559Z] > attempting to authenticate via app default credentials
[debug] [2019-08-11T02:25:39.655Z] ! auto-auth error: Could not load the default credentials. Browse to https://developers.google.com/accounts/docs/application-default-credentials for more information.
[debug] [2019-08-11T02:25:39.657Z] > no credentials could be found or automatically retrieved
[error] 
[error] Error: Command requires authentication, please run firebase login
[debug] [2019-08-11T02:25:39.512Z] ----------------------------------------------------------------------
[debug] [2019-08-11T02:25:39.517Z] Command:       C:\Program Files\nodejs\node.exe C:\Users\ndang\AppData\Roaming\npm\node_modules\firebase-tools\lib\bin\firebase.js login
[debug] [2019-08-11T02:25:39.518Z] CLI Version:   7.2.2
[debug] [2019-08-11T02:25:39.518Z] Platform:      win32
[debug] [2019-08-11T02:25:39.518Z] Node Version:  v10.16.0
[debug] [2019-08-11T02:25:39.519Z] Time:          Sun Aug 11 2019 09:25:39 GMT+0700 (Indochina Time)
[debug] [2019-08-11T02:25:39.519Z] ----------------------------------------------------------------------
[debug] 
[info] 
[info] Visit this URL on any device to log in:
[info] https://accounts.google.com/o/oauth2/auth?client_id=563584335869-fgrhgmd47bqnekij5i8b5pr03ho849e6.apps.googleusercontent.com&scope=email%20openid%20https%3A%2F%2Fwww.googleapis.com%2Fauth%2Fcloudplatformprojects.readonly%20https%3A%2F%2Fwww.googleapis.com%2Fauth%2Ffirebase%20https%3A%2F%2Fwww.googleapis.com%2Fauth%2Fcloud-platform&response_type=code&state=1032796798&redirect_uri=http%3A%2F%2Flocalhost%3A9005
[info] 
[info] Waiting for authentication...
